<?xml version="1.0" encoding="UTF-8"?>
<!-- Generated by org.testng.reporters.JUnitXMLReporter -->
<testsuite hostname="DESKTOP-SRHD4QH" ignored="0" name="Default test" tests="10" failures="0" timestamp="11 Feb 2019 12:35:41 GMT" time="65.846" errors="0">
  <testcase name="tc01LaunchURL" time="4.57" classname="integration_UBUY.Server_Integration"/>
  <testcase name="tc02SearchProducts" time="10.1" classname="integration_UBUY.Server_Integration"/>
  <testcase name="tc03SelecthProducts" time="4.202" classname="integration_UBUY.Server_Integration"/>
  <testcase name="tc04AddToCart" time="5.904" classname="integration_UBUY.Server_Integration"/>
  <testcase name="tc05ProceedToCheckout" time="11.486" classname="integration_UBUY.Server_Integration"/>
  <testcase name="tc06Login" time="11.157" classname="integration_UBUY.Server_Integration"/>
  <testcase name="tc07ShippingInformation" time="5.926" classname="integration_UBUY.Server_Integration"/>
  <testcase name="tc08ShippingMethod" time="4.45" classname="integration_UBUY.Server_Integration"/>
  <testcase name="tc09PaymentOptions" time="6.186" classname="integration_UBUY.Server_Integration"/>
  <testcase name="tc10OrderReview" time="1.791" classname="integration_UBUY.Server_Integration"/>
</testsuite> <!-- Default test -->
