<?xml version="1.0" encoding="UTF-8"?>
<testng-results skipped="0" failed="0" ignored="0" total="10" passed="10">
  <reporter-output>
  </reporter-output>
  <suite name="Default suite" duration-ms="62226" started-at="2019-02-12T08:55:55Z" finished-at="2019-02-12T08:56:57Z">
    <groups>
    </groups>
    <test name="Default test" duration-ms="62226" started-at="2019-02-12T08:55:55Z" finished-at="2019-02-12T08:56:57Z">
      <class name="integration_UBUY.Server_Integration">
        <test-method status="PASS" signature="tc01LaunchURL()[pri:0, instance:integration_UBUY.Server_Integration@662b4c69]" name="tc01LaunchURL" duration-ms="4943" started-at="2019-02-12T08:55:55Z" finished-at="2019-02-12T08:56:00Z">
          <reporter-output>
          </reporter-output>
        </test-method> <!-- tc01LaunchURL -->
        <test-method status="PASS" signature="tc02SearchProducts()[pri:0, instance:integration_UBUY.Server_Integration@662b4c69]" name="tc02SearchProducts" duration-ms="8758" started-at="2019-02-12T08:56:00Z" finished-at="2019-02-12T08:56:09Z">
          <reporter-output>
          </reporter-output>
        </test-method> <!-- tc02SearchProducts -->
        <test-method status="PASS" signature="tc03SelecthProducts()[pri:0, instance:integration_UBUY.Server_Integration@662b4c69]" name="tc03SelecthProducts" duration-ms="2211" started-at="2019-02-12T08:56:09Z" finished-at="2019-02-12T08:56:11Z">
          <reporter-output>
          </reporter-output>
        </test-method> <!-- tc03SelecthProducts -->
        <test-method status="PASS" signature="tc04AddToCart()[pri:0, instance:integration_UBUY.Server_Integration@662b4c69]" name="tc04AddToCart" duration-ms="9524" started-at="2019-02-12T08:56:11Z" finished-at="2019-02-12T08:56:21Z">
          <reporter-output>
          </reporter-output>
        </test-method> <!-- tc04AddToCart -->
        <test-method status="PASS" signature="tc05ProceedToCheckout()[pri:0, instance:integration_UBUY.Server_Integration@662b4c69]" name="tc05ProceedToCheckout" duration-ms="8491" started-at="2019-02-12T08:56:21Z" finished-at="2019-02-12T08:56:29Z">
          <reporter-output>
          </reporter-output>
        </test-method> <!-- tc05ProceedToCheckout -->
        <test-method status="PASS" signature="tc06Login()[pri:0, instance:integration_UBUY.Server_Integration@662b4c69]" name="tc06Login" duration-ms="10477" started-at="2019-02-12T08:56:29Z" finished-at="2019-02-12T08:56:40Z">
          <reporter-output>
          </reporter-output>
        </test-method> <!-- tc06Login -->
        <test-method status="PASS" signature="tc07ShippingInformation()[pri:0, instance:integration_UBUY.Server_Integration@662b4c69]" name="tc07ShippingInformation" duration-ms="5831" started-at="2019-02-12T08:56:40Z" finished-at="2019-02-12T08:56:46Z">
          <reporter-output>
          </reporter-output>
        </test-method> <!-- tc07ShippingInformation -->
        <test-method status="PASS" signature="tc08ShippingMethod()[pri:0, instance:integration_UBUY.Server_Integration@662b4c69]" name="tc08ShippingMethod" duration-ms="4444" started-at="2019-02-12T08:56:46Z" finished-at="2019-02-12T08:56:50Z">
          <reporter-output>
          </reporter-output>
        </test-method> <!-- tc08ShippingMethod -->
        <test-method status="PASS" signature="tc09PaymentOptions()[pri:0, instance:integration_UBUY.Server_Integration@662b4c69]" name="tc09PaymentOptions" duration-ms="5843" started-at="2019-02-12T08:56:50Z" finished-at="2019-02-12T08:56:56Z">
          <reporter-output>
          </reporter-output>
        </test-method> <!-- tc09PaymentOptions -->
        <test-method status="PASS" signature="tc10OrderReview()[pri:0, instance:integration_UBUY.Server_Integration@662b4c69]" name="tc10OrderReview" duration-ms="1656" started-at="2019-02-12T08:56:56Z" finished-at="2019-02-12T08:56:57Z">
          <reporter-output>
          </reporter-output>
        </test-method> <!-- tc10OrderReview -->
      </class> <!-- integration_UBUY.Server_Integration -->
    </test> <!-- Default test -->
  </suite> <!-- Default suite -->
</testng-results>
